Using pre-set license
Built from '2021.3/release' branch; Version is '2021.3.12f1 (8af3c3e441b1) revision 9106371'; Using compiler version '192829333'; Build Type 'Release'
OS: 'Windows 10  (10.0.17134) 64bit Professional' Language: 'en' Physical Memory: 8026 MB
BatchMode: 1, IsHumanControllingUs: 0, StartBugReporterOnCrash: 0, Is64bit: 1, IsPro: 1

COMMAND LINE ARGUMENTS:
C:\Program Files\Unity\Hub\Editor\2021.3.12f1\Editor\Unity.exe
-adb2
-batchMode
-noUpm
-name
AssetImportWorker0
-projectPath
D:/khach/Subjects/Graphics/DOAN
-logFile
Logs/AssetImportWorker0.log
-srvPort
65280
Successfully changed project path to: D:/khach/Subjects/Graphics/DOAN
D:/khach/Subjects/Graphics/DOAN
[UnityMemory] Configuration Parameters - Can be set up in boot.config
    "memorysetup-bucket-allocator-granularity=16"
    "memorysetup-bucket-allocator-bucket-count=8"
    "memorysetup-bucket-allocator-block-size=33554432"
    "memorysetup-bucket-allocator-block-count=8"
    "memorysetup-main-allocator-block-size=16777216"
    "memorysetup-thread-allocator-block-size=16777216"
    "memorysetup-gfx-main-allocator-block-size=16777216"
    "memorysetup-gfx-thread-allocator-block-size=16777216"
    "memorysetup-cache-allocator-block-size=4194304"
    "memorysetup-typetree-allocator-block-size=2097152"
    "memorysetup-profiler-bucket-allocator-granularity=16"
    "memorysetup-profiler-bucket-allocator-bucket-count=8"
    "memorysetup-profiler-bucket-allocator-block-size=33554432"
    "memorysetup-profiler-bucket-allocator-block-count=8"
    "memorysetup-profiler-allocator-block-size=16777216"
    "memorysetup-profiler-editor-allocator-block-size=1048576"
    "memorysetup-temp-allocator-size-main=16777216"
    "memorysetup-job-temp-allocator-block-size=2097152"
    "memorysetup-job-temp-allocator-block-size-background=1048576"
    "memorysetup-job-temp-allocator-reduction-small-platforms=262144"
    "memorysetup-temp-allocator-size-background-worker=32768"
    "memorysetup-temp-allocator-size-job-worker=262144"
    "memorysetup-temp-allocator-size-preload-manager=33554432"
    "memorysetup-temp-allocator-size-nav-mesh-worker=65536"
    "memorysetup-temp-allocator-size-audio-worker=65536"
    "memorysetup-temp-allocator-size-cloud-worker=32768"
    "memorysetup-temp-allocator-size-gi-baking-worker=262144"
    "memorysetup-temp-allocator-size-gfx=262144"
Refreshing native plugins compatible for Editor in 125.86 ms, found 3 plugins.
Preloading 0 native plugins for Editor in 0.00 ms.
Initialize engine version: 2021.3.12f1 (8af3c3e441b1)
[Subsystems] Discovering subsystems at path C:/Program Files/Unity/Hub/Editor/2021.3.12f1/Editor/Data/Resources/UnitySubsystems
[Subsystems] Discovering subsystems at path D:/khach/Subjects/Graphics/DOAN/Assets
GfxDevice: creating device client; threaded=0; jobified=0
Direct3D:
    Version:  Direct3D 11.0 [level 11.1]
    Renderer: Intel(R) UHD Graphics 620 (ID=0x5917)
    Vendor:   Intel
    VRAM:     4013 MB
    Driver:   30.0.101.1340
Initialize mono
Mono path[0] = 'C:/Program Files/Unity/Hub/Editor/2021.3.12f1/Editor/Data/Managed'
Mono path[1] = 'C:/Program Files/Unity/Hub/Editor/2021.3.12f1/Editor/Data/MonoBleedingEdge/lib/mono/unityjit-win32'
Mono config path = 'C:/Program Files/Unity/Hub/Editor/2021.3.12f1/Editor/Data/MonoBleedingEdge/etc'
Using monoOptions --debugger-agent=transport=dt_socket,embedding=1,server=y,suspend=n,address=127.0.0.1:56972
Begin MonoManager ReloadAssembly
Registering precompiled unity dll's ...
Register platform support module: C:/Program Files/Unity/Hub/Editor/2021.3.12f1/Editor/Data/PlaybackEngines/WebGLSupport/UnityEditor.WebGL.Extensions.dll
Register platform support module: C:/Program Files/Unity/Hub/Editor/2021.3.12f1/Editor/Data/PlaybackEngines/WindowsStandaloneSupport/UnityEditor.WindowsStandalone.Extensions.dll
Registered in 0.006692 seconds.
Native extension for WindowsStandalone target not found
Native extension for WebGL target not found
Refreshing native plugins compatible for Editor in 119.28 ms, found 3 plugins.
Preloading 0 native plugins for Editor in 0.00 ms.
Mono: successfully reloaded assembly
- Completed reload, in  0.828 seconds
Domain Reload Profiling:
	ReloadAssembly (828ms)
		BeginReloadAssembly (88ms)
			ExecutionOrderSort (0ms)
			DisableScriptedObjects (0ms)
			BackupInstance (0ms)
			ReleaseScriptingObjects (0ms)
			CreateAndSetChildDomain (1ms)
		EndReloadAssembly (605ms)
			LoadAssemblies (85ms)
			RebuildTransferFunctionScriptingTraits (0ms)
			SetupTypeCache (155ms)
			ReleaseScriptCaches (0ms)
			RebuildScriptCaches (40ms)
			SetupLoadedEditorAssemblies (346ms)
				LogAssemblyErrors (0ms)
				InitializePlatformSupportModulesInManaged (11ms)
				SetLoadedEditorAssemblies (0ms)
				RefreshPlugins (119ms)
				BeforeProcessingInitializeOnLoad (2ms)
				ProcessInitializeOnLoadAttributes (157ms)
				ProcessInitializeOnLoadMethodAttributes (57ms)
				AfterProcessingInitializeOnLoad (0ms)
				EditorAssembliesLoaded (0ms)
			ExecutionOrderSort2 (0ms)
			AwakeInstancesAfterBackupRestoration (0ms)
Platform modules already initialized, skipping
Registering precompiled user dll's ...
Registered in 0.005026 seconds.
Begin MonoManager ReloadAssembly
Symbol file LoadedFromMemory doesn't match image D:\khach\Subjects\Graphics\DOAN\Library\PackageCache\com.unity.visualscripting@1.7.8\Editor\VisualScripting.Core\Dependencies\YamlDotNet\Unity.VisualScripting.YamlDotNet.dll
Symbol file LoadedFromMemory doesn't match image D:\khach\Subjects\Graphics\DOAN\Library\PackageCache\com.unity.visualscripting@1.7.8\Editor\VisualScripting.Core\Dependencies\DotNetZip\Unity.VisualScripting.IonicZip.dll
Native extension for WindowsStandalone target not found
Native extension for WebGL target not found
Refreshing native plugins compatible for Editor in 189.88 ms, found 3 plugins.
Preloading 0 native plugins for Editor in 0.00 ms.
Mono: successfully reloaded assembly
- Completed reload, in  2.092 seconds
Domain Reload Profiling:
	ReloadAssembly (2094ms)
		BeginReloadAssembly (132ms)
			ExecutionOrderSort (0ms)
			DisableScriptedObjects (7ms)
			BackupInstance (0ms)
			ReleaseScriptingObjects (0ms)
			CreateAndSetChildDomain (21ms)
		EndReloadAssembly (1814ms)
			LoadAssemblies (98ms)
			RebuildTransferFunctionScriptingTraits (0ms)
			SetupTypeCache (389ms)
			ReleaseScriptCaches (1ms)
			RebuildScriptCaches (110ms)
			SetupLoadedEditorAssemblies (1098ms)
				LogAssemblyErrors (0ms)
				InitializePlatformSupportModulesInManaged (11ms)
				SetLoadedEditorAssemblies (0ms)
				RefreshPlugins (190ms)
				BeforeProcessingInitializeOnLoad (182ms)
				ProcessInitializeOnLoadAttributes (647ms)
				ProcessInitializeOnLoadMethodAttributes (53ms)
				AfterProcessingInitializeOnLoad (13ms)
				EditorAssembliesLoaded (0ms)
			ExecutionOrderSort2 (0ms)
			AwakeInstancesAfterBackupRestoration (13ms)
Platform modules already initialized, skipping
========================================================================
Worker process is ready to serve import requests
Launched and connected shader compiler UnityShaderCompiler.exe after 0.05 seconds
Refreshing native plugins compatible for Editor in 2.16 ms, found 3 plugins.
Preloading 0 native plugins for Editor in 0.00 ms.
Unloading 3746 Unused Serialized files (Serialized files now loaded: 0)
Unloading 30 unused Assets / (114.1 KB). Loaded Objects now: 4223.
Memory consumption went from 145.4 MB to 145.3 MB.
Total: 7.841576 ms (FindLiveObjects: 0.558650 ms CreateObjectMapping: 1.017175 ms MarkObjects: 6.051280 ms  DeleteObjects: 0.213334 ms)

AssetImportParameters requested are different than current active one (requested -> active):
  custom:video-decoder-ogg-theora: a1e56fd34408186e4bbccfd4996cb3dc -> 
  custom:container-muxer-webm: aa71ff27fc2769a1b78a27578f13a17b -> 
  custom:container-demuxer-webm: 4f35f7cbe854078d1ac9338744f61a02 -> 
  custom:video-encoder-webm-vp8: eb34c28f22e8b96e1ab97ce403110664 -> 
  custom:audio-encoder-webm-vorbis: bf7c407c2cedff20999df2af8eb42d56 -> 
  custom:framework-win-MediaFoundation: 216162199b28c13a410421893ffa2e32 -> 
  custom:container-demuxer-ogg: 62fdf1f143b41e24485cea50d1cbac27 -> 
  custom:video-decoder-webm-vp8: 9c59270c3fd7afecdb556c50c9e8de78 -> 
  custom:audio-decoder-ogg-vorbis: bf7c407c2cedff20999df2af8eb42d56 -> 
========================================================================
Received Import Request.
  Time since last request: 127901.294772 seconds.
  path: Assets/Simple Street Props/Prefabs/Traffic cone 2.prefab
  artifactKey: Guid(5feb63034322db0419623730e3d40319) Importer(815301076,1909f56bfc062723c751e8b465ee728b)
Start importing Assets/Simple Street Props/Prefabs/Traffic cone 2.prefab using Guid(5feb63034322db0419623730e3d40319) Importer(815301076,1909f56bfc062723c751e8b465ee728b)  -> (artifact id: 'e313de3332630d4b436bd9d80839be79') in 0.863425 seconds 
========================================================================
Received Import Request.
  Time since last request: 0.000051 seconds.
  path: Assets/Simple Street Props/Prefabs/Water barrel 3.prefab
  artifactKey: Guid(03bdbe0aaa354314baeb42115c89e01e) Importer(815301076,1909f56bfc062723c751e8b465ee728b)
Start importing Assets/Simple Street Props/Prefabs/Water barrel 3.prefab using Guid(03bdbe0aaa354314baeb42115c89e01e) Importer(815301076,1909f56bfc062723c751e8b465ee728b)  -> (artifact id: '84975999d5426dd6ae374f5eb56d1606') in 0.030625 seconds 
========================================================================
Received Import Request.
  Time since last request: 0.000053 seconds.
  path: Assets/Simple Street Props/Prefabs/Speed breaker 2.prefab
  artifactKey: Guid(786214b195fe4e449ae052792a91b42f) Importer(815301076,1909f56bfc062723c751e8b465ee728b)
Start importing Assets/Simple Street Props/Prefabs/Speed breaker 2.prefab using Guid(786214b195fe4e449ae052792a91b42f) Importer(815301076,1909f56bfc062723c751e8b465ee728b)  -> (artifact id: '31a2761c986b5194130f8d5fa308c28e') in 0.057905 seconds 
========================================================================
Received Import Request.
  Time since last request: 0.000047 seconds.
  path: Assets/Simple Street Props/Prefabs/Traffic cone 1.prefab
  artifactKey: Guid(fc268878dfe556e47ae2f2f2602821a2) Importer(815301076,1909f56bfc062723c751e8b465ee728b)
Start importing Assets/Simple Street Props/Prefabs/Traffic cone 1.prefab using Guid(fc268878dfe556e47ae2f2f2602821a2) Importer(815301076,1909f56bfc062723c751e8b465ee728b)  -> (artifact id: 'b324e5dcc810f644db4a82f8924d32d9') in 0.024463 seconds 
========================================================================
Received Import Request.
  Time since last request: 0.000027 seconds.
  path: Assets/Simple Street Props
  artifactKey: Guid(a4d1d0f6d38fd8440b4a55544674d1dc) Importer(815301076,1909f56bfc062723c751e8b465ee728b)
Start importing Assets/Simple Street Props using Guid(a4d1d0f6d38fd8440b4a55544674d1dc) Importer(815301076,1909f56bfc062723c751e8b465ee728b)  -> (artifact id: '5c4c0d5eb552627f7ab6485e071b328a') in 0.001984 seconds 
========================================================================
Received Import Request.
  Time since last request: 0.000038 seconds.
  path: Assets/Simple Street Props/Prefabs/Concrete barrier.prefab
  artifactKey: Guid(a9d39a7ef903da04f872d4980650d137) Importer(815301076,1909f56bfc062723c751e8b465ee728b)
Start importing Assets/Simple Street Props/Prefabs/Concrete barrier.prefab using Guid(a9d39a7ef903da04f872d4980650d137) Importer(815301076,1909f56bfc062723c751e8b465ee728b)  -> (artifact id: 'c9a1d4f948aa978f82a53772abdac3da') in 0.025684 seconds 
========================================================================
Received Import Request.
  Time since last request: 0.000033 seconds.
  path: Assets/Simple Street Props/Prefabs
  artifactKey: Guid(d6eb2bf7029dcc04db3b1a9bcdfe23fd) Importer(815301076,1909f56bfc062723c751e8b465ee728b)
Start importing Assets/Simple Street Props/Prefabs using Guid(d6eb2bf7029dcc04db3b1a9bcdfe23fd) Importer(815301076,1909f56bfc062723c751e8b465ee728b)  -> (artifact id: '8fb37cda1eda0c9489d464a2949928ff') in 0.001464 seconds 
========================================================================
Received Import Request.
  Time since last request: 0.000047 seconds.
  path: Assets/Simple Street Props/Prefabs/Concrete barrier End.prefab
  artifactKey: Guid(fe5c148169001d9458a55cc5bac38067) Importer(815301076,1909f56bfc062723c751e8b465ee728b)
Start importing Assets/Simple Street Props/Prefabs/Concrete barrier End.prefab using Guid(fe5c148169001d9458a55cc5bac38067) Importer(815301076,1909f56bfc062723c751e8b465ee728b)  -> (artifact id: 'b03689be02eb92182a9a78d3f8a62b97') in 0.072108 seconds 
========================================================================
Received Import Request.
  Time since last request: 0.000036 seconds.
  path: Assets/Simple Street Props/Prefabs/Long barrier.prefab
  artifactKey: Guid(30e9535288fe2b74c9780bc60eed5731) Importer(815301076,1909f56bfc062723c751e8b465ee728b)
Start importing Assets/Simple Street Props/Prefabs/Long barrier.prefab using Guid(30e9535288fe2b74c9780bc60eed5731) Importer(815301076,1909f56bfc062723c751e8b465ee728b)  -> (artifact id: '4739909cc66cd832f2e2509476830173') in 0.027758 seconds 
========================================================================
Received Import Request.
  Time since last request: 0.000063 seconds.
  path: Assets/Simple Street Props/Prefabs/Speed breaker 3.prefab
  artifactKey: Guid(df6a8667a12fefa44b26c4453e9d7b76) Importer(815301076,1909f56bfc062723c751e8b465ee728b)
Start importing Assets/Simple Street Props/Prefabs/Speed breaker 3.prefab using Guid(df6a8667a12fefa44b26c4453e9d7b76) Importer(815301076,1909f56bfc062723c751e8b465ee728b)  -> (artifact id: '616092299ef1949617238e7042d082dd') in 0.030615 seconds 
========================================================================
Received Import Request.
  Time since last request: 0.000050 seconds.
  path: Assets/Simple Street Props/Prefabs/White barrier.prefab
  artifactKey: Guid(0fd636288b0ace849a82888487ef699f) Importer(815301076,1909f56bfc062723c751e8b465ee728b)
Start importing Assets/Simple Street Props/Prefabs/White barrier.prefab using Guid(0fd636288b0ace849a82888487ef699f) Importer(815301076,1909f56bfc062723c751e8b465ee728b)  -> (artifact id: 'db6f14e68020361d8e2962300cb36c96') in 0.027694 seconds 
========================================================================
Received Import Request.
  Time since last request: 0.000032 seconds.
  path: Assets/Simple Street Props/Prefabs/Right turn.prefab
  artifactKey: Guid(8ac9eceeacc25704a856555360a80992) Importer(815301076,1909f56bfc062723c751e8b465ee728b)
Start importing Assets/Simple Street Props/Prefabs/Right turn.prefab using Guid(8ac9eceeacc25704a856555360a80992) Importer(815301076,1909f56bfc062723c751e8b465ee728b)  -> (artifact id: 'df54b12a3e93338ee3ae3c975b99d358') in 0.028267 seconds 
========================================================================
Received Import Request.
  Time since last request: 0.000026 seconds.
  path: Assets/Simple Street Props/Prefabs/Green Big Dumpster.prefab
  artifactKey: Guid(a8fc21b6efee5e842909ff1712db388c) Importer(815301076,1909f56bfc062723c751e8b465ee728b)
Start importing Assets/Simple Street Props/Prefabs/Green Big Dumpster.prefab using Guid(a8fc21b6efee5e842909ff1712db388c) Importer(815301076,1909f56bfc062723c751e8b465ee728b)  -> (artifact id: 'a98e7b5bc2b616874eafef4e83720e00') in 0.017245 seconds 
========================================================================
Received Prepare
Registering precompiled user dll's ...
Registered in 0.005032 seconds.
Begin MonoManager ReloadAssembly
Symbol file LoadedFromMemory doesn't match image D:\khach\Subjects\Graphics\DOAN\Library\PackageCache\com.unity.visualscripting@1.7.8\Editor\VisualScripting.Core\Dependencies\YamlDotNet\Unity.VisualScripting.YamlDotNet.dll
Symbol file LoadedFromMemory doesn't match image D:\khach\Subjects\Graphics\DOAN\Library\PackageCache\com.unity.visualscripting@1.7.8\Editor\VisualScripting.Core\Dependencies\DotNetZip\Unity.VisualScripting.IonicZip.dll
Native extension for WindowsStandalone target not found
Native extension for WebGL target not found
Refreshing native plugins compatible for Editor in 1.32 ms, found 3 plugins.
Preloading 0 native plugins for Editor in 0.00 ms.
Mono: successfully reloaded assembly
- Completed reload, in  2.086 seconds
Domain Reload Profiling:
	ReloadAssembly (2087ms)
		BeginReloadAssembly (199ms)
			ExecutionOrderSort (0ms)
			DisableScriptedObjects (6ms)
			BackupInstance (0ms)
			ReleaseScriptingObjects (0ms)
			CreateAndSetChildDomain (55ms)
		EndReloadAssembly (1742ms)
			LoadAssemblies (125ms)
			RebuildTransferFunctionScriptingTraits (0ms)
			SetupTypeCache (571ms)
			ReleaseScriptCaches (2ms)
			RebuildScriptCaches (94ms)
			SetupLoadedEditorAssemblies (826ms)
				LogAssemblyErrors (0ms)
				InitializePlatformSupportModulesInManaged (31ms)
				SetLoadedEditorAssemblies (1ms)
				RefreshPlugins (1ms)
				BeforeProcessingInitializeOnLoad (151ms)
				ProcessInitializeOnLoadAttributes (573ms)
				ProcessInitializeOnLoadMethodAttributes (56ms)
				AfterProcessingInitializeOnLoad (13ms)
				EditorAssembliesLoaded (0ms)
			ExecutionOrderSort2 (0ms)
			AwakeInstancesAfterBackupRestoration (15ms)
Platform modules already initialized, skipping
Refreshing native plugins compatible for Editor in 5.04 ms, found 3 plugins.
Preloading 0 native plugins for Editor in 0.00 ms.
Unloading 3736 Unused Serialized files (Serialized files now loaded: 0)
Unloading 21 unused Assets / (80.5 KB). Loaded Objects now: 4234.
Memory consumption went from 149.2 MB to 149.2 MB.
Total: 5.927262 ms (FindLiveObjects: 0.417565 ms CreateObjectMapping: 0.463076 ms MarkObjects: 4.816220 ms  DeleteObjects: 0.229263 ms)

AssetImportParameters requested are different than current active one (requested -> active):
  custom:video-decoder-ogg-theora: a1e56fd34408186e4bbccfd4996cb3dc -> 
  custom:container-muxer-webm: aa71ff27fc2769a1b78a27578f13a17b -> 
  custom:container-demuxer-webm: 4f35f7cbe854078d1ac9338744f61a02 -> 
  custom:video-encoder-webm-vp8: eb34c28f22e8b96e1ab97ce403110664 -> 
  custom:audio-encoder-webm-vorbis: bf7c407c2cedff20999df2af8eb42d56 -> 
  custom:framework-win-MediaFoundation: 216162199b28c13a410421893ffa2e32 -> 
  custom:container-demuxer-ogg: 62fdf1f143b41e24485cea50d1cbac27 -> 
  custom:video-decoder-webm-vp8: 9c59270c3fd7afecdb556c50c9e8de78 -> 
  custom:audio-decoder-ogg-vorbis: bf7c407c2cedff20999df2af8eb42d56 -> 
========================================================================
Received Prepare
Registering precompiled user dll's ...
Registered in 0.006824 seconds.
Begin MonoManager ReloadAssembly
Symbol file LoadedFromMemory doesn't match image D:\khach\Subjects\Graphics\DOAN\Library\PackageCache\com.unity.visualscripting@1.7.8\Editor\VisualScripting.Core\Dependencies\YamlDotNet\Unity.VisualScripting.YamlDotNet.dll
Symbol file LoadedFromMemory doesn't match image D:\khach\Subjects\Graphics\DOAN\Library\PackageCache\com.unity.visualscripting@1.7.8\Editor\VisualScripting.Core\Dependencies\DotNetZip\Unity.VisualScripting.IonicZip.dll
Native extension for WindowsStandalone target not found
Native extension for WebGL target not found
Refreshing native plugins compatible for Editor in 1.88 ms, found 3 plugins.
Preloading 0 native plugins for Editor in 0.00 ms.
Mono: successfully reloaded assembly
- Completed reload, in  2.158 seconds
Domain Reload Profiling:
	ReloadAssembly (2159ms)
		BeginReloadAssembly (181ms)
			ExecutionOrderSort (0ms)
			DisableScriptedObjects (6ms)
			BackupInstance (0ms)
			ReleaseScriptingObjects (0ms)
			CreateAndSetChildDomain (47ms)
		EndReloadAssembly (1825ms)
			LoadAssemblies (116ms)
			RebuildTransferFunctionScriptingTraits (0ms)
			SetupTypeCache (437ms)
			ReleaseScriptCaches (2ms)
			RebuildScriptCaches (81ms)
			SetupLoadedEditorAssemblies (1014ms)
				LogAssemblyErrors (0ms)
				InitializePlatformSupportModulesInManaged (24ms)
				SetLoadedEditorAssemblies (2ms)
				RefreshPlugins (2ms)
				BeforeProcessingInitializeOnLoad (133ms)
				ProcessInitializeOnLoadAttributes (754ms)
				ProcessInitializeOnLoadMethodAttributes (79ms)
				AfterProcessingInitializeOnLoad (20ms)
				EditorAssembliesLoaded (1ms)
			ExecutionOrderSort2 (0ms)
			AwakeInstancesAfterBackupRestoration (20ms)
Platform modules already initialized, skipping
Refreshing native plugins compatible for Editor in 4.95 ms, found 3 plugins.
Preloading 0 native plugins for Editor in 0.00 ms.
Unloading 3736 Unused Serialized files (Serialized files now loaded: 0)
Unloading 21 unused Assets / (80.7 KB). Loaded Objects now: 4237.
Memory consumption went from 149.2 MB to 149.2 MB.
Total: 6.144009 ms (FindLiveObjects: 0.621796 ms CreateObjectMapping: 0.400498 ms MarkObjects: 4.895865 ms  DeleteObjects: 0.223005 ms)

AssetImportParameters requested are different than current active one (requested -> active):
  custom:video-decoder-ogg-theora: a1e56fd34408186e4bbccfd4996cb3dc -> 
  custom:container-muxer-webm: aa71ff27fc2769a1b78a27578f13a17b -> 
  custom:container-demuxer-webm: 4f35f7cbe854078d1ac9338744f61a02 -> 
  custom:video-encoder-webm-vp8: eb34c28f22e8b96e1ab97ce403110664 -> 
  custom:audio-encoder-webm-vorbis: bf7c407c2cedff20999df2af8eb42d56 -> 
  custom:framework-win-MediaFoundation: 216162199b28c13a410421893ffa2e32 -> 
  custom:container-demuxer-ogg: 62fdf1f143b41e24485cea50d1cbac27 -> 
  custom:video-decoder-webm-vp8: 9c59270c3fd7afecdb556c50c9e8de78 -> 
  custom:audio-decoder-ogg-vorbis: bf7c407c2cedff20999df2af8eb42d56 -> 
========================================================================
Received Prepare
Registering precompiled user dll's ...
Registered in 0.005464 seconds.
Begin MonoManager ReloadAssembly
Symbol file LoadedFromMemory doesn't match image D:\khach\Subjects\Graphics\DOAN\Library\PackageCache\com.unity.visualscripting@1.7.8\Editor\VisualScripting.Core\Dependencies\YamlDotNet\Unity.VisualScripting.YamlDotNet.dll
Symbol file LoadedFromMemory doesn't match image D:\khach\Subjects\Graphics\DOAN\Library\PackageCache\com.unity.visualscripting@1.7.8\Editor\VisualScripting.Core\Dependencies\DotNetZip\Unity.VisualScripting.IonicZip.dll
Native extension for WindowsStandalone target not found
Native extension for WebGL target not found
Refreshing native plugins compatible for Editor in 0.90 ms, found 3 plugins.
Preloading 0 native plugins for Editor in 0.00 ms.
Mono: successfully reloaded assembly
- Completed reload, in  1.964 seconds
Domain Reload Profiling:
	ReloadAssembly (1965ms)
		BeginReloadAssembly (190ms)
			ExecutionOrderSort (0ms)
			DisableScriptedObjects (8ms)
			BackupInstance (0ms)
			ReleaseScriptingObjects (0ms)
			CreateAndSetChildDomain (50ms)
		EndReloadAssembly (1619ms)
			LoadAssemblies (121ms)
			RebuildTransferFunctionScriptingTraits (0ms)
			SetupTypeCache (467ms)
			ReleaseScriptCaches (2ms)
			RebuildScriptCaches (85ms)
			SetupLoadedEditorAssemblies (823ms)
				LogAssemblyErrors (0ms)
				InitializePlatformSupportModulesInManaged (28ms)
				SetLoadedEditorAssemblies (1ms)
				RefreshPlugins (1ms)
				BeforeProcessingInitializeOnLoad (137ms)
				ProcessInitializeOnLoadAttributes (590ms)
				ProcessInitializeOnLoadMethodAttributes (54ms)
				AfterProcessingInitializeOnLoad (12ms)
				EditorAssembliesLoaded (0ms)
			ExecutionOrderSort2 (0ms)
			AwakeInstancesAfterBackupRestoration (17ms)
Platform modules already initialized, skipping
Refreshing native plugins compatible for Editor in 4.09 ms, found 3 plugins.
Preloading 0 native plugins for Editor in 0.00 ms.
Unloading 3736 Unused Serialized files (Serialized files now loaded: 0)
Unloading 21 unused Assets / (80.6 KB). Loaded Objects now: 4240.
Memory consumption went from 149.2 MB to 149.2 MB.
Total: 6.138889 ms (FindLiveObjects: 0.622365 ms CreateObjectMapping: 0.415289 ms MarkObjects: 4.817927 ms  DeleteObjects: 0.281600 ms)

AssetImportParameters requested are different than current active one (requested -> active):
  custom:video-decoder-ogg-theora: a1e56fd34408186e4bbccfd4996cb3dc -> 
  custom:container-muxer-webm: aa71ff27fc2769a1b78a27578f13a17b -> 
  custom:container-demuxer-webm: 4f35f7cbe854078d1ac9338744f61a02 -> 
  custom:video-encoder-webm-vp8: eb34c28f22e8b96e1ab97ce403110664 -> 
  custom:audio-encoder-webm-vorbis: bf7c407c2cedff20999df2af8eb42d56 -> 
  custom:framework-win-MediaFoundation: 216162199b28c13a410421893ffa2e32 -> 
  custom:container-demuxer-ogg: 62fdf1f143b41e24485cea50d1cbac27 -> 
  custom:video-decoder-webm-vp8: 9c59270c3fd7afecdb556c50c9e8de78 -> 
  custom:audio-decoder-ogg-vorbis: bf7c407c2cedff20999df2af8eb42d56 -> 
========================================================================
Received Import Request.
  Time since last request: 617.289457 seconds.
  path: Assets/Barrier Pack
  artifactKey: Guid(e9af546bb69c6e443bf60eac33c825d0) Importer(815301076,1909f56bfc062723c751e8b465ee728b)
Start importing Assets/Barrier Pack using Guid(e9af546bb69c6e443bf60eac33c825d0) Importer(815301076,1909f56bfc062723c751e8b465ee728b)  -> (artifact id: '200bd824138dc305a4cd07ac93be0c78') in 0.015899 seconds 
========================================================================
Received Import Request.
  Time since last request: 2.361820 seconds.
  path: Assets/Barrier Pack/Prefabs
  artifactKey: Guid(9e2d2df73c7f2aa4195fad3d33cee97b) Importer(815301076,1909f56bfc062723c751e8b465ee728b)
Start importing Assets/Barrier Pack/Prefabs using Guid(9e2d2df73c7f2aa4195fad3d33cee97b) Importer(815301076,1909f56bfc062723c751e8b465ee728b)  -> (artifact id: '83d512aa8f6c071c220581a434167277') in 0.001873 seconds 
========================================================================
Received Import Request.
  Time since last request: 0.004196 seconds.
  path: Assets/Barrier Pack/Prefabs/barrier.prefab
  artifactKey: Guid(9fa4100b047a1684aa8e98446ca97e12) Importer(815301076,1909f56bfc062723c751e8b465ee728b)
Start importing Assets/Barrier Pack/Prefabs/barrier.prefab using Guid(9fa4100b047a1684aa8e98446ca97e12) Importer(815301076,1909f56bfc062723c751e8b465ee728b)  -> (artifact id: '9ea5c50ebd74a578cb6b3f08bc322dfd') in 0.926955 seconds 
========================================================================
Received Import Request.
  Time since last request: 0.000052 seconds.
  path: Assets/Barrier Pack/Prefabs/crash_barrier.prefab
  artifactKey: Guid(012e8cd5d38f8fa4fbb41fc57a5ce69c) Importer(815301076,1909f56bfc062723c751e8b465ee728b)
Start importing Assets/Barrier Pack/Prefabs/crash_barrier.prefab using Guid(012e8cd5d38f8fa4fbb41fc57a5ce69c) Importer(815301076,1909f56bfc062723c751e8b465ee728b)  -> (artifact id: '774f00053b966fda7847ec8c9ead1e6a') in 0.081068 seconds 
========================================================================
Received Import Request.
  Time since last request: 0.000057 seconds.
  path: Assets/Barrier Pack/Prefabs/painted_barrier.prefab
  artifactKey: Guid(5f1bb2cacf6d4ca4c878049b803fd391) Importer(815301076,1909f56bfc062723c751e8b465ee728b)
Start importing Assets/Barrier Pack/Prefabs/painted_barrier.prefab using Guid(5f1bb2cacf6d4ca4c878049b803fd391) Importer(815301076,1909f56bfc062723c751e8b465ee728b)  -> (artifact id: 'a616d058437f069c8b23fe2594f83428') in 0.042557 seconds 
========================================================================
Received Import Request.
  Time since last request: 0.000055 seconds.
  path: Assets/Barrier Pack/Prefabs/crash_barrier_cap_two.prefab
  artifactKey: Guid(2adcca9864477ec46adbaa925a5d51fa) Importer(815301076,1909f56bfc062723c751e8b465ee728b)
Start importing Assets/Barrier Pack/Prefabs/crash_barrier_cap_two.prefab using Guid(2adcca9864477ec46adbaa925a5d51fa) Importer(815301076,1909f56bfc062723c751e8b465ee728b)  -> (artifact id: 'b5526d8eb491a3b0e87160388e7eb2a3') in 0.039913 seconds 
========================================================================
Received Import Request.
  Time since last request: 0.000056 seconds.
  path: Assets/Barrier Pack/Prefabs/fenced_barrier.prefab
  artifactKey: Guid(b8c83c417104d75459226dd80248bfe2) Importer(815301076,1909f56bfc062723c751e8b465ee728b)
Start importing Assets/Barrier Pack/Prefabs/fenced_barrier.prefab using Guid(b8c83c417104d75459226dd80248bfe2) Importer(815301076,1909f56bfc062723c751e8b465ee728b)  -> (artifact id: '33ca6449152697af08d4261f48586b08') in 0.390418 seconds 
========================================================================
Received Import Request.
  Time since last request: 0.000030 seconds.
  path: Assets/Barrier Pack/Prefabs/painted_wall_barrier.prefab
  artifactKey: Guid(e0c9e7b86067ab64dacba4d674191ebb) Importer(815301076,1909f56bfc062723c751e8b465ee728b)
Start importing Assets/Barrier Pack/Prefabs/painted_wall_barrier.prefab using Guid(e0c9e7b86067ab64dacba4d674191ebb) Importer(815301076,1909f56bfc062723c751e8b465ee728b)  -> (artifact id: 'c366df42c840c326a96177e5573c1b4d') in 0.070012 seconds 
========================================================================
Received Import Request.
  Time since last request: 0.000040 seconds.
  path: Assets/Barrier Pack/Prefabs/short_barrier.prefab
  artifactKey: Guid(ce21b1068f316a949b41898d6b5d1d6b) Importer(815301076,1909f56bfc062723c751e8b465ee728b)
Start importing Assets/Barrier Pack/Prefabs/short_barrier.prefab using Guid(ce21b1068f316a949b41898d6b5d1d6b) Importer(815301076,1909f56bfc062723c751e8b465ee728b)  -> (artifact id: 'f3e6425d93a04336dfcf62dc7f52a613') in 0.033763 seconds 
========================================================================
Received Import Request.
  Time since last request: 0.000027 seconds.
  path: Assets/Barrier Pack/Prefabs/sign_1.prefab
  artifactKey: Guid(b8433bdc340959d4b92f2fa9fc42d091) Importer(815301076,1909f56bfc062723c751e8b465ee728b)
Start importing Assets/Barrier Pack/Prefabs/sign_1.prefab using Guid(b8433bdc340959d4b92f2fa9fc42d091) Importer(815301076,1909f56bfc062723c751e8b465ee728b)  -> (artifact id: '563346a4c383f6603572eb5c7f0d2bf3') in 0.033310 seconds 
========================================================================
Received Import Request.
  Time since last request: 0.000028 seconds.
  path: Assets/Barrier Pack/Prefabs/iron_barrier.prefab
  artifactKey: Guid(1afece281bd761d4a9b16adee2b788e3) Importer(815301076,1909f56bfc062723c751e8b465ee728b)
Start importing Assets/Barrier Pack/Prefabs/iron_barrier.prefab using Guid(1afece281bd761d4a9b16adee2b788e3) Importer(815301076,1909f56bfc062723c751e8b465ee728b)  -> (artifact id: 'ef7dc0c826139613199cf89dc625e2e2') in 0.041824 seconds 
========================================================================
Received Prepare
Registering precompiled user dll's ...
Registered in 0.005122 seconds.
Begin MonoManager ReloadAssembly
Symbol file LoadedFromMemory doesn't match image D:\khach\Subjects\Graphics\DOAN\Library\PackageCache\com.unity.visualscripting@1.7.8\Editor\VisualScripting.Core\Dependencies\YamlDotNet\Unity.VisualScripting.YamlDotNet.dll
Symbol file LoadedFromMemory doesn't match image D:\khach\Subjects\Graphics\DOAN\Library\PackageCache\com.unity.visualscripting@1.7.8\Editor\VisualScripting.Core\Dependencies\DotNetZip\Unity.VisualScripting.IonicZip.dll
Native extension for WindowsStandalone target not found
Native extension for WebGL target not found
Refreshing native plugins compatible for Editor in 1.00 ms, found 3 plugins.
Preloading 0 native plugins for Editor in 0.00 ms.
Mono: successfully reloaded assembly
- Completed reload, in  2.120 seconds
Domain Reload Profiling:
	ReloadAssembly (2121ms)
		BeginReloadAssembly (190ms)
			ExecutionOrderSort (0ms)
			DisableScriptedObjects (6ms)
			BackupInstance (0ms)
			ReleaseScriptingObjects (0ms)
			CreateAndSetChildDomain (51ms)
		EndReloadAssembly (1805ms)
			LoadAssemblies (119ms)
			RebuildTransferFunctionScriptingTraits (0ms)
			SetupTypeCache (553ms)
			ReleaseScriptCaches (2ms)
			RebuildScriptCaches (101ms)
			SetupLoadedEditorAssemblies (903ms)
				LogAssemblyErrors (0ms)
				InitializePlatformSupportModulesInManaged (33ms)
				SetLoadedEditorAssemblies (1ms)
				RefreshPlugins (1ms)
				BeforeProcessingInitializeOnLoad (137ms)
				ProcessInitializeOnLoadAttributes (652ms)
				ProcessInitializeOnLoadMethodAttributes (61ms)
				AfterProcessingInitializeOnLoad (16ms)
				EditorAssembliesLoaded (1ms)
			ExecutionOrderSort2 (0ms)
			AwakeInstancesAfterBackupRestoration (16ms)
Platform modules already initialized, skipping
Refreshing native plugins compatible for Editor in 4.94 ms, found 3 plugins.
Preloading 0 native plugins for Editor in 0.00 ms.
Unloading 3736 Unused Serialized files (Serialized files now loaded: 0)
Unloading 21 unused Assets / (80.5 KB). Loaded Objects now: 4243.
Memory consumption went from 149.3 MB to 149.2 MB.
Total: 6.922819 ms (FindLiveObjects: 0.670721 ms CreateObjectMapping: 0.491521 ms MarkObjects: 5.577963 ms  DeleteObjects: 0.180338 ms)

AssetImportParameters requested are different than current active one (requested -> active):
  custom:video-decoder-ogg-theora: a1e56fd34408186e4bbccfd4996cb3dc -> 
  custom:container-muxer-webm: aa71ff27fc2769a1b78a27578f13a17b -> 
  custom:container-demuxer-webm: 4f35f7cbe854078d1ac9338744f61a02 -> 
  custom:video-encoder-webm-vp8: eb34c28f22e8b96e1ab97ce403110664 -> 
  custom:audio-encoder-webm-vorbis: bf7c407c2cedff20999df2af8eb42d56 -> 
  custom:framework-win-MediaFoundation: 216162199b28c13a410421893ffa2e32 -> 
  custom:container-demuxer-ogg: 62fdf1f143b41e24485cea50d1cbac27 -> 
  custom:video-decoder-webm-vp8: 9c59270c3fd7afecdb556c50c9e8de78 -> 
  custom:audio-decoder-ogg-vorbis: bf7c407c2cedff20999df2af8eb42d56 -> 
========================================================================
Received Import Request.
  Time since last request: 2026.530634 seconds.
  path: Assets/Barrier Pack/Prefabs/big_cone.prefab
  artifactKey: Guid(1cc2ed13481fc3446ac381dd171654b2) Importer(815301076,1909f56bfc062723c751e8b465ee728b)
Start importing Assets/Barrier Pack/Prefabs/big_cone.prefab using Guid(1cc2ed13481fc3446ac381dd171654b2) Importer(815301076,1909f56bfc062723c751e8b465ee728b)  -> (artifact id: '1bda66bc9c184e1b945c5960765b0a0f') in 0.131617 seconds 
========================================================================
Received Import Request.
  Time since last request: 0.000028 seconds.
  path: Assets/Barrier Pack/Prefabs/pyramid_barrier.prefab
  artifactKey: Guid(f803fe526d65cae43ae20517514374c0) Importer(815301076,1909f56bfc062723c751e8b465ee728b)
Start importing Assets/Barrier Pack/Prefabs/pyramid_barrier.prefab using Guid(f803fe526d65cae43ae20517514374c0) Importer(815301076,1909f56bfc062723c751e8b465ee728b)  -> (artifact id: '5193e29d21fe391b4f9b2583572c72c6') in 0.049584 seconds 
========================================================================
Received Import Request.
  Time since last request: 0.000042 seconds.
  path: Assets/Barrier Pack/Prefabs/signed_short_barrier.prefab
  artifactKey: Guid(73d18ed494f69ad41b44fe6d2c7c54d4) Importer(815301076,1909f56bfc062723c751e8b465ee728b)
Start importing Assets/Barrier Pack/Prefabs/signed_short_barrier.prefab using Guid(73d18ed494f69ad41b44fe6d2c7c54d4) Importer(815301076,1909f56bfc062723c751e8b465ee728b)  -> (artifact id: 'a31ab92a404b974e434000d32878d642') in 0.029558 seconds 
========================================================================
Received Import Request.
  Time since last request: 0.000031 seconds.
  path: Assets/Barrier Pack/Prefabs/short_barrier.prefab
  artifactKey: Guid(ce21b1068f316a949b41898d6b5d1d6b) Importer(815301076,1909f56bfc062723c751e8b465ee728b)
Start importing Assets/Barrier Pack/Prefabs/short_barrier.prefab using Guid(ce21b1068f316a949b41898d6b5d1d6b) Importer(815301076,1909f56bfc062723c751e8b465ee728b)  -> (artifact id: '488fd3089534cc547b89806e6ac4ff50') in 0.034939 seconds 
========================================================================
Received Import Request.
  Time since last request: 0.000027 seconds.
  path: Assets/Barrier Pack/Prefabs/sign_1.prefab
  artifactKey: Guid(b8433bdc340959d4b92f2fa9fc42d091) Importer(815301076,1909f56bfc062723c751e8b465ee728b)
Start importing Assets/Barrier Pack/Prefabs/sign_1.prefab using Guid(b8433bdc340959d4b92f2fa9fc42d091) Importer(815301076,1909f56bfc062723c751e8b465ee728b)  -> (artifact id: '55fdaa9bbc5f61af87d05da8f398ee1c') in 0.023276 seconds 
========================================================================
Received Import Request.
  Time since last request: 0.000054 seconds.
  path: Assets/Barrier Pack/Prefabs/warning_sign.prefab
  artifactKey: Guid(a2bef607e5bbd014d8d69755562c0d35) Importer(815301076,1909f56bfc062723c751e8b465ee728b)
Start importing Assets/Barrier Pack/Prefabs/warning_sign.prefab using Guid(a2bef607e5bbd014d8d69755562c0d35) Importer(815301076,1909f56bfc062723c751e8b465ee728b)  -> (artifact id: '35b1d2c862b8e56f81922682a0f71e71') in 0.036148 seconds 
========================================================================
Received Import Request.
  Time since last request: 0.000018 seconds.
  path: Assets/Barrier Pack/Prefabs/iron_barrier.prefab
  artifactKey: Guid(1afece281bd761d4a9b16adee2b788e3) Importer(815301076,1909f56bfc062723c751e8b465ee728b)
Start importing Assets/Barrier Pack/Prefabs/iron_barrier.prefab using Guid(1afece281bd761d4a9b16adee2b788e3) Importer(815301076,1909f56bfc062723c751e8b465ee728b)  -> (artifact id: '788376cbe28064ae5e025857ea937ff2') in 0.027920 seconds 
========================================================================
Received Prepare
Registering precompiled user dll's ...
Registered in 0.005348 seconds.
Begin MonoManager ReloadAssembly
Symbol file LoadedFromMemory doesn't match image D:\khach\Subjects\Graphics\DOAN\Library\PackageCache\com.unity.visualscripting@1.7.8\Editor\VisualScripting.Core\Dependencies\YamlDotNet\Unity.VisualScripting.YamlDotNet.dll
Symbol file LoadedFromMemory doesn't match image D:\khach\Subjects\Graphics\DOAN\Library\PackageCache\com.unity.visualscripting@1.7.8\Editor\VisualScripting.Core\Dependencies\DotNetZip\Unity.VisualScripting.IonicZip.dll
Native extension for WindowsStandalone target not found
Native extension for WebGL target not found
Refreshing native plugins compatible for Editor in 1.30 ms, found 3 plugins.
Preloading 0 native plugins for Editor in 0.00 ms.
Mono: successfully reloaded assembly
- Completed reload, in  2.026 seconds
Domain Reload Profiling:
	ReloadAssembly (2027ms)
		BeginReloadAssembly (195ms)
			ExecutionOrderSort (0ms)
			DisableScriptedObjects (7ms)
			BackupInstance (0ms)
			ReleaseScriptingObjects (0ms)
			CreateAndSetChildDomain (54ms)
		EndReloadAssembly (1693ms)
			LoadAssemblies (118ms)
			RebuildTransferFunctionScriptingTraits (0ms)
			SetupTypeCache (525ms)
			ReleaseScriptCaches (2ms)
			RebuildScriptCaches (85ms)
			SetupLoadedEditorAssemblies (823ms)
				LogAssemblyErrors (0ms)
				InitializePlatformSupportModulesInManaged (28ms)
				SetLoadedEditorAssemblies (1ms)
				RefreshPlugins (1ms)
				BeforeProcessingInitializeOnLoad (139ms)
				ProcessInitializeOnLoadAttributes (581ms)
				ProcessInitializeOnLoadMethodAttributes (57ms)
				AfterProcessingInitializeOnLoad (15ms)
				EditorAssembliesLoaded (0ms)
			ExecutionOrderSort2 (0ms)
			AwakeInstancesAfterBackupRestoration (18ms)
Platform modules already initialized, skipping
Refreshing native plugins compatible for Editor in 4.45 ms, found 3 plugins.
Preloading 0 native plugins for Editor in 0.00 ms.
Unloading 3736 Unused Serialized files (Serialized files now loaded: 0)
Unloading 21 unused Assets / (80.6 KB). Loaded Objects now: 4246.
Memory consumption went from 149.7 MB to 149.7 MB.
Total: 5.719617 ms (FindLiveObjects: 0.594490 ms CreateObjectMapping: 0.671290 ms MarkObjects: 4.316735 ms  DeleteObjects: 0.135396 ms)

AssetImportParameters requested are different than current active one (requested -> active):
  custom:video-decoder-ogg-theora: a1e56fd34408186e4bbccfd4996cb3dc -> 
  custom:container-muxer-webm: aa71ff27fc2769a1b78a27578f13a17b -> 
  custom:container-demuxer-webm: 4f35f7cbe854078d1ac9338744f61a02 -> 
  custom:video-encoder-webm-vp8: eb34c28f22e8b96e1ab97ce403110664 -> 
  custom:audio-encoder-webm-vorbis: bf7c407c2cedff20999df2af8eb42d56 -> 
  custom:framework-win-MediaFoundation: 216162199b28c13a410421893ffa2e32 -> 
  custom:container-demuxer-ogg: 62fdf1f143b41e24485cea50d1cbac27 -> 
  custom:video-decoder-webm-vp8: 9c59270c3fd7afecdb556c50c9e8de78 -> 
  custom:audio-decoder-ogg-vorbis: bf7c407c2cedff20999df2af8eb42d56 -> 
