Using pre-set license
Built from '2021.3/release' branch; Version is '2021.3.12f1 (8af3c3e441b1) revision 9106371'; Using compiler version '192829333'; Build Type 'Release'
OS: 'Windows 10  (10.0.17134) 64bit Professional' Language: 'en' Physical Memory: 8026 MB
BatchMode: 1, IsHumanControllingUs: 0, StartBugReporterOnCrash: 0, Is64bit: 1, IsPro: 1

COMMAND LINE ARGUMENTS:
C:\Program Files\Unity\Hub\Editor\2021.3.12f1\Editor\Unity.exe
-adb2
-batchMode
-noUpm
-name
AssetImportWorker1
-projectPath
D:/khach/Subjects/Graphics/DOAN
-logFile
Logs/AssetImportWorker1.log
-srvPort
65280
Successfully changed project path to: D:/khach/Subjects/Graphics/DOAN
D:/khach/Subjects/Graphics/DOAN
[UnityMemory] Configuration Parameters - Can be set up in boot.config
    "memorysetup-bucket-allocator-granularity=16"
    "memorysetup-bucket-allocator-bucket-count=8"
    "memorysetup-bucket-allocator-block-size=33554432"
    "memorysetup-bucket-allocator-block-count=8"
    "memorysetup-main-allocator-block-size=16777216"
    "memorysetup-thread-allocator-block-size=16777216"
    "memorysetup-gfx-main-allocator-block-size=16777216"
    "memorysetup-gfx-thread-allocator-block-size=16777216"
    "memorysetup-cache-allocator-block-size=4194304"
    "memorysetup-typetree-allocator-block-size=2097152"
    "memorysetup-profiler-bucket-allocator-granularity=16"
    "memorysetup-profiler-bucket-allocator-bucket-count=8"
    "memorysetup-profiler-bucket-allocator-block-size=33554432"
    "memorysetup-profiler-bucket-allocator-block-count=8"
    "memorysetup-profiler-allocator-block-size=16777216"
    "memorysetup-profiler-editor-allocator-block-size=1048576"
    "memorysetup-temp-allocator-size-main=16777216"
    "memorysetup-job-temp-allocator-block-size=2097152"
    "memorysetup-job-temp-allocator-block-size-background=1048576"
    "memorysetup-job-temp-allocator-reduction-small-platforms=262144"
    "memorysetup-temp-allocator-size-background-worker=32768"
    "memorysetup-temp-allocator-size-job-worker=262144"
    "memorysetup-temp-allocator-size-preload-manager=33554432"
    "memorysetup-temp-allocator-size-nav-mesh-worker=65536"
    "memorysetup-temp-allocator-size-audio-worker=65536"
    "memorysetup-temp-allocator-size-cloud-worker=32768"
    "memorysetup-temp-allocator-size-gi-baking-worker=262144"
    "memorysetup-temp-allocator-size-gfx=262144"
Refreshing native plugins compatible for Editor in 123.80 ms, found 3 plugins.
Preloading 0 native plugins for Editor in 0.00 ms.
Initialize engine version: 2021.3.12f1 (8af3c3e441b1)
[Subsystems] Discovering subsystems at path C:/Program Files/Unity/Hub/Editor/2021.3.12f1/Editor/Data/Resources/UnitySubsystems
[Subsystems] Discovering subsystems at path D:/khach/Subjects/Graphics/DOAN/Assets
GfxDevice: creating device client; threaded=0; jobified=0
Direct3D:
    Version:  Direct3D 11.0 [level 11.1]
    Renderer: Intel(R) UHD Graphics 620 (ID=0x5917)
    Vendor:   Intel
    VRAM:     4013 MB
    Driver:   30.0.101.1340
Initialize mono
Mono path[0] = 'C:/Program Files/Unity/Hub/Editor/2021.3.12f1/Editor/Data/Managed'
Mono path[1] = 'C:/Program Files/Unity/Hub/Editor/2021.3.12f1/Editor/Data/MonoBleedingEdge/lib/mono/unityjit-win32'
Mono config path = 'C:/Program Files/Unity/Hub/Editor/2021.3.12f1/Editor/Data/MonoBleedingEdge/etc'
Using monoOptions --debugger-agent=transport=dt_socket,embedding=1,server=y,suspend=n,address=127.0.0.1:56052
Begin MonoManager ReloadAssembly
Registering precompiled unity dll's ...
Register platform support module: C:/Program Files/Unity/Hub/Editor/2021.3.12f1/Editor/Data/PlaybackEngines/WebGLSupport/UnityEditor.WebGL.Extensions.dll
Register platform support module: C:/Program Files/Unity/Hub/Editor/2021.3.12f1/Editor/Data/PlaybackEngines/WindowsStandaloneSupport/UnityEditor.WindowsStandalone.Extensions.dll
Registered in 0.006896 seconds.
Native extension for WindowsStandalone target not found
Native extension for WebGL target not found
Refreshing native plugins compatible for Editor in 118.75 ms, found 3 plugins.
Preloading 0 native plugins for Editor in 0.00 ms.
Mono: successfully reloaded assembly
- Completed reload, in  0.827 seconds
Domain Reload Profiling:
	ReloadAssembly (828ms)
		BeginReloadAssembly (87ms)
			ExecutionOrderSort (0ms)
			DisableScriptedObjects (0ms)
			BackupInstance (0ms)
			ReleaseScriptingObjects (0ms)
			CreateAndSetChildDomain (1ms)
		EndReloadAssembly (602ms)
			LoadAssemblies (84ms)
			RebuildTransferFunctionScriptingTraits (0ms)
			SetupTypeCache (155ms)
			ReleaseScriptCaches (0ms)
			RebuildScriptCaches (41ms)
			SetupLoadedEditorAssemblies (345ms)
				LogAssemblyErrors (0ms)
				InitializePlatformSupportModulesInManaged (10ms)
				SetLoadedEditorAssemblies (0ms)
				RefreshPlugins (119ms)
				BeforeProcessingInitializeOnLoad (2ms)
				ProcessInitializeOnLoadAttributes (157ms)
				ProcessInitializeOnLoadMethodAttributes (57ms)
				AfterProcessingInitializeOnLoad (0ms)
				EditorAssembliesLoaded (0ms)
			ExecutionOrderSort2 (0ms)
			AwakeInstancesAfterBackupRestoration (0ms)
Platform modules already initialized, skipping
Registering precompiled user dll's ...
Registered in 0.004945 seconds.
Begin MonoManager ReloadAssembly
Symbol file LoadedFromMemory doesn't match image D:\khach\Subjects\Graphics\DOAN\Library\PackageCache\com.unity.visualscripting@1.7.8\Editor\VisualScripting.Core\Dependencies\YamlDotNet\Unity.VisualScripting.YamlDotNet.dll
Symbol file LoadedFromMemory doesn't match image D:\khach\Subjects\Graphics\DOAN\Library\PackageCache\com.unity.visualscripting@1.7.8\Editor\VisualScripting.Core\Dependencies\DotNetZip\Unity.VisualScripting.IonicZip.dll
Native extension for WindowsStandalone target not found
Native extension for WebGL target not found
Refreshing native plugins compatible for Editor in 194.34 ms, found 3 plugins.
Preloading 0 native plugins for Editor in 0.00 ms.
Mono: successfully reloaded assembly
- Completed reload, in  2.099 seconds
Domain Reload Profiling:
	ReloadAssembly (2100ms)
		BeginReloadAssembly (134ms)
			ExecutionOrderSort (0ms)
			DisableScriptedObjects (7ms)
			BackupInstance (0ms)
			ReleaseScriptingObjects (0ms)
			CreateAndSetChildDomain (22ms)
		EndReloadAssembly (1818ms)
			LoadAssemblies (101ms)
			RebuildTransferFunctionScriptingTraits (0ms)
			SetupTypeCache (378ms)
			ReleaseScriptCaches (1ms)
			RebuildScriptCaches (112ms)
			SetupLoadedEditorAssemblies (1108ms)
				LogAssemblyErrors (0ms)
				InitializePlatformSupportModulesInManaged (10ms)
				SetLoadedEditorAssemblies (0ms)
				RefreshPlugins (195ms)
				BeforeProcessingInitializeOnLoad (181ms)
				ProcessInitializeOnLoadAttributes (657ms)
				ProcessInitializeOnLoadMethodAttributes (51ms)
				AfterProcessingInitializeOnLoad (13ms)
				EditorAssembliesLoaded (1ms)
			ExecutionOrderSort2 (0ms)
			AwakeInstancesAfterBackupRestoration (13ms)
Platform modules already initialized, skipping
========================================================================
Worker process is ready to serve import requests
Launched and connected shader compiler UnityShaderCompiler.exe after 0.05 seconds
Refreshing native plugins compatible for Editor in 1.08 ms, found 3 plugins.
Preloading 0 native plugins for Editor in 0.00 ms.
Unloading 3746 Unused Serialized files (Serialized files now loaded: 0)
Unloading 30 unused Assets / (114.1 KB). Loaded Objects now: 4223.
Memory consumption went from 145.4 MB to 145.3 MB.
Total: 7.080401 ms (FindLiveObjects: 0.539876 ms CreateObjectMapping: 0.690632 ms MarkObjects: 5.655901 ms  DeleteObjects: 0.192285 ms)

AssetImportParameters requested are different than current active one (requested -> active):
  custom:video-decoder-ogg-theora: a1e56fd34408186e4bbccfd4996cb3dc -> 
  custom:container-muxer-webm: aa71ff27fc2769a1b78a27578f13a17b -> 
  custom:container-demuxer-webm: 4f35f7cbe854078d1ac9338744f61a02 -> 
  custom:video-encoder-webm-vp8: eb34c28f22e8b96e1ab97ce403110664 -> 
  custom:audio-encoder-webm-vorbis: bf7c407c2cedff20999df2af8eb42d56 -> 
  custom:framework-win-MediaFoundation: 216162199b28c13a410421893ffa2e32 -> 
  custom:container-demuxer-ogg: 62fdf1f143b41e24485cea50d1cbac27 -> 
  custom:video-decoder-webm-vp8: 9c59270c3fd7afecdb556c50c9e8de78 -> 
  custom:audio-decoder-ogg-vorbis: bf7c407c2cedff20999df2af8eb42d56 -> 
========================================================================
Received Import Request.
  Time since last request: 127901.294688 seconds.
  path: Assets/Simple Street Props/Prefabs/Water barrel 1.prefab
  artifactKey: Guid(29bc0bd91555302468c05d6e49c1dd3f) Importer(815301076,1909f56bfc062723c751e8b465ee728b)
Start importing Assets/Simple Street Props/Prefabs/Water barrel 1.prefab using Guid(29bc0bd91555302468c05d6e49c1dd3f) Importer(815301076,1909f56bfc062723c751e8b465ee728b)  -> (artifact id: 'fb1bc307b2757837145c452a06e02bd1') in 0.853158 seconds 
========================================================================
Received Import Request.
  Time since last request: 0.000069 seconds.
  path: Assets/Simple Street Props/Prefabs/Water barrel 2.prefab
  artifactKey: Guid(9b9c8bf1364ff7f4380078dd15aa5acf) Importer(815301076,1909f56bfc062723c751e8b465ee728b)
Start importing Assets/Simple Street Props/Prefabs/Water barrel 2.prefab using Guid(9b9c8bf1364ff7f4380078dd15aa5acf) Importer(815301076,1909f56bfc062723c751e8b465ee728b)  -> (artifact id: 'e7b917db694e0e4793480bfa62b64dcb') in 0.036502 seconds 
========================================================================
Received Import Request.
  Time since last request: 0.000098 seconds.
  path: Assets/Simple Street Props/Prefabs/Speed breaker 1.prefab
  artifactKey: Guid(8dada62f6c40e7b4ab914ead532c812c) Importer(815301076,1909f56bfc062723c751e8b465ee728b)
Start importing Assets/Simple Street Props/Prefabs/Speed breaker 1.prefab using Guid(8dada62f6c40e7b4ab914ead532c812c) Importer(815301076,1909f56bfc062723c751e8b465ee728b)  -> (artifact id: '901f734514931a81e2b72e3ab41cbbc4') in 0.047267 seconds 
========================================================================
Received Import Request.
  Time since last request: 0.000026 seconds.
  path: Assets/Simple Street Props/Prefabs/Speed breaker 4.prefab
  artifactKey: Guid(84f91e4bb8fea6542af720fae80581df) Importer(815301076,1909f56bfc062723c751e8b465ee728b)
Start importing Assets/Simple Street Props/Prefabs/Speed breaker 4.prefab using Guid(84f91e4bb8fea6542af720fae80581df) Importer(815301076,1909f56bfc062723c751e8b465ee728b)  -> (artifact id: '55a081010fd20e96d8c9a710ef9da6e5') in 0.031930 seconds 
========================================================================
Received Import Request.
  Time since last request: 0.000027 seconds.
  path: Assets/Simple Street Props/Prefabs/Red barrier.prefab
  artifactKey: Guid(12b91b6bf98b3184b8f13a573b7e1bb2) Importer(815301076,1909f56bfc062723c751e8b465ee728b)
Start importing Assets/Simple Street Props/Prefabs/Red barrier.prefab using Guid(12b91b6bf98b3184b8f13a573b7e1bb2) Importer(815301076,1909f56bfc062723c751e8b465ee728b)  -> (artifact id: 'dadbcdb343c0febc12b672c0846a9b6c') in 0.024772 seconds 
========================================================================
Received Import Request.
  Time since last request: 0.000096 seconds.
  path: Assets/Simple Street Props/Prefabs/U turn.prefab
  artifactKey: Guid(6d58187714796344ba7098cbc44e6ffb) Importer(815301076,1909f56bfc062723c751e8b465ee728b)
Start importing Assets/Simple Street Props/Prefabs/U turn.prefab using Guid(6d58187714796344ba7098cbc44e6ffb) Importer(815301076,1909f56bfc062723c751e8b465ee728b)  -> (artifact id: '6033325efdc0e74d01c9e44a8830887f') in 0.031136 seconds 
========================================================================
Received Import Request.
  Time since last request: 0.000030 seconds.
  path: Assets/Simple Street Props/Prefabs/Green small waste bin.prefab
  artifactKey: Guid(89556d66ecd4d1d459607ad28bde90f0) Importer(815301076,1909f56bfc062723c751e8b465ee728b)
Start importing Assets/Simple Street Props/Prefabs/Green small waste bin.prefab using Guid(89556d66ecd4d1d459607ad28bde90f0) Importer(815301076,1909f56bfc062723c751e8b465ee728b)  -> (artifact id: '424a2995b6802dd84627d75e6f30952e') in 0.031267 seconds 
========================================================================
Received Import Request.
  Time since last request: 0.000030 seconds.
  path: Assets/Simple Street Props/Prefabs/Short barrier.prefab
  artifactKey: Guid(10065376386373b45ada96704875bc55) Importer(815301076,1909f56bfc062723c751e8b465ee728b)
Start importing Assets/Simple Street Props/Prefabs/Short barrier.prefab using Guid(10065376386373b45ada96704875bc55) Importer(815301076,1909f56bfc062723c751e8b465ee728b)  -> (artifact id: 'ca18afe75d1aa07ce9cfc67a8d76fa73') in 0.025808 seconds 
========================================================================
Received Import Request.
  Time since last request: 0.000067 seconds.
  path: Assets/Simple Street Props/Prefabs/Traffic barrel.prefab
  artifactKey: Guid(46abaf8dcb68b064a8a61ce14f4b72ad) Importer(815301076,1909f56bfc062723c751e8b465ee728b)
Start importing Assets/Simple Street Props/Prefabs/Traffic barrel.prefab using Guid(46abaf8dcb68b064a8a61ce14f4b72ad) Importer(815301076,1909f56bfc062723c751e8b465ee728b)  -> (artifact id: 'bd1d38f53aba648e57ee2e987423f88d') in 0.030177 seconds 
========================================================================
Received Import Request.
  Time since last request: 0.000051 seconds.
  path: Assets/Simple Street Props/Prefabs/Slow.prefab
  artifactKey: Guid(fc1007812c6ac3547bec6fd8fecb4c97) Importer(815301076,1909f56bfc062723c751e8b465ee728b)
Start importing Assets/Simple Street Props/Prefabs/Slow.prefab using Guid(fc1007812c6ac3547bec6fd8fecb4c97) Importer(815301076,1909f56bfc062723c751e8b465ee728b)  -> (artifact id: '94fba4470a3655e9c36c6b497c2b2cb7') in 0.026620 seconds 
========================================================================
Received Import Request.
  Time since last request: 0.000054 seconds.
  path: Assets/Simple Street Props/Prefabs/Stop.prefab
  artifactKey: Guid(58217db07158e02499748f98b882e9e8) Importer(815301076,1909f56bfc062723c751e8b465ee728b)
Start importing Assets/Simple Street Props/Prefabs/Stop.prefab using Guid(58217db07158e02499748f98b882e9e8) Importer(815301076,1909f56bfc062723c751e8b465ee728b)  -> (artifact id: 'dc7f466023cdb8fa6c04028a01c07581') in 0.027756 seconds 
========================================================================
Received Import Request.
  Time since last request: 0.000056 seconds.
  path: Assets/Simple Street Props/Prefabs/Blue waste bin.prefab
  artifactKey: Guid(2e2f19559c08573489c22b00bdc4c002) Importer(815301076,1909f56bfc062723c751e8b465ee728b)
Start importing Assets/Simple Street Props/Prefabs/Blue waste bin.prefab using Guid(2e2f19559c08573489c22b00bdc4c002) Importer(815301076,1909f56bfc062723c751e8b465ee728b)  -> (artifact id: '7718a5d95571641adf988a821170a30f') in 0.032037 seconds 
========================================================================
Received Prepare
Registering precompiled user dll's ...
Registered in 0.005380 seconds.
Begin MonoManager ReloadAssembly
Symbol file LoadedFromMemory doesn't match image D:\khach\Subjects\Graphics\DOAN\Library\PackageCache\com.unity.visualscripting@1.7.8\Editor\VisualScripting.Core\Dependencies\YamlDotNet\Unity.VisualScripting.YamlDotNet.dll
Symbol file LoadedFromMemory doesn't match image D:\khach\Subjects\Graphics\DOAN\Library\PackageCache\com.unity.visualscripting@1.7.8\Editor\VisualScripting.Core\Dependencies\DotNetZip\Unity.VisualScripting.IonicZip.dll
Native extension for WindowsStandalone target not found
Native extension for WebGL target not found
Refreshing native plugins compatible for Editor in 1.36 ms, found 3 plugins.
Preloading 0 native plugins for Editor in 0.00 ms.
Mono: successfully reloaded assembly
- Completed reload, in  2.089 seconds
Domain Reload Profiling:
	ReloadAssembly (2090ms)
		BeginReloadAssembly (201ms)
			ExecutionOrderSort (0ms)
			DisableScriptedObjects (6ms)
			BackupInstance (0ms)
			ReleaseScriptingObjects (0ms)
			CreateAndSetChildDomain (53ms)
		EndReloadAssembly (1735ms)
			LoadAssemblies (128ms)
			RebuildTransferFunctionScriptingTraits (0ms)
			SetupTypeCache (575ms)
			ReleaseScriptCaches (2ms)
			RebuildScriptCaches (91ms)
			SetupLoadedEditorAssemblies (819ms)
				LogAssemblyErrors (0ms)
				InitializePlatformSupportModulesInManaged (31ms)
				SetLoadedEditorAssemblies (1ms)
				RefreshPlugins (2ms)
				BeforeProcessingInitializeOnLoad (145ms)
				ProcessInitializeOnLoadAttributes (571ms)
				ProcessInitializeOnLoadMethodAttributes (56ms)
				AfterProcessingInitializeOnLoad (13ms)
				EditorAssembliesLoaded (0ms)
			ExecutionOrderSort2 (0ms)
			AwakeInstancesAfterBackupRestoration (16ms)
Platform modules already initialized, skipping
Refreshing native plugins compatible for Editor in 4.44 ms, found 3 plugins.
Preloading 0 native plugins for Editor in 0.00 ms.
Unloading 3736 Unused Serialized files (Serialized files now loaded: 0)
Unloading 21 unused Assets / (80.5 KB). Loaded Objects now: 4234.
Memory consumption went from 149.2 MB to 149.2 MB.
Total: 6.243564 ms (FindLiveObjects: 0.903397 ms CreateObjectMapping: 0.526792 ms MarkObjects: 4.391828 ms  DeleteObjects: 0.418703 ms)

AssetImportParameters requested are different than current active one (requested -> active):
  custom:video-decoder-ogg-theora: a1e56fd34408186e4bbccfd4996cb3dc -> 
  custom:container-muxer-webm: aa71ff27fc2769a1b78a27578f13a17b -> 
  custom:container-demuxer-webm: 4f35f7cbe854078d1ac9338744f61a02 -> 
  custom:video-encoder-webm-vp8: eb34c28f22e8b96e1ab97ce403110664 -> 
  custom:audio-encoder-webm-vorbis: bf7c407c2cedff20999df2af8eb42d56 -> 
  custom:framework-win-MediaFoundation: 216162199b28c13a410421893ffa2e32 -> 
  custom:container-demuxer-ogg: 62fdf1f143b41e24485cea50d1cbac27 -> 
  custom:video-decoder-webm-vp8: 9c59270c3fd7afecdb556c50c9e8de78 -> 
  custom:audio-decoder-ogg-vorbis: bf7c407c2cedff20999df2af8eb42d56 -> 
========================================================================
Received Prepare
Registering precompiled user dll's ...
Registered in 0.006647 seconds.
Begin MonoManager ReloadAssembly
Symbol file LoadedFromMemory doesn't match image D:\khach\Subjects\Graphics\DOAN\Library\PackageCache\com.unity.visualscripting@1.7.8\Editor\VisualScripting.Core\Dependencies\YamlDotNet\Unity.VisualScripting.YamlDotNet.dll
Symbol file LoadedFromMemory doesn't match image D:\khach\Subjects\Graphics\DOAN\Library\PackageCache\com.unity.visualscripting@1.7.8\Editor\VisualScripting.Core\Dependencies\DotNetZip\Unity.VisualScripting.IonicZip.dll
Native extension for WindowsStandalone target not found
Native extension for WebGL target not found
Refreshing native plugins compatible for Editor in 2.20 ms, found 3 plugins.
Preloading 0 native plugins for Editor in 0.00 ms.
Mono: successfully reloaded assembly
- Completed reload, in  2.180 seconds
Domain Reload Profiling:
	ReloadAssembly (2181ms)
		BeginReloadAssembly (162ms)
			ExecutionOrderSort (0ms)
			DisableScriptedObjects (6ms)
			BackupInstance (0ms)
			ReleaseScriptingObjects (0ms)
			CreateAndSetChildDomain (42ms)
		EndReloadAssembly (1862ms)
			LoadAssemblies (105ms)
			RebuildTransferFunctionScriptingTraits (0ms)
			SetupTypeCache (467ms)
			ReleaseScriptCaches (3ms)
			RebuildScriptCaches (91ms)
			SetupLoadedEditorAssemblies (1006ms)
				LogAssemblyErrors (0ms)
				InitializePlatformSupportModulesInManaged (30ms)
				SetLoadedEditorAssemblies (1ms)
				RefreshPlugins (2ms)
				BeforeProcessingInitializeOnLoad (129ms)
				ProcessInitializeOnLoadAttributes (748ms)
				ProcessInitializeOnLoadMethodAttributes (76ms)
				AfterProcessingInitializeOnLoad (18ms)
				EditorAssembliesLoaded (1ms)
			ExecutionOrderSort2 (0ms)
			AwakeInstancesAfterBackupRestoration (23ms)
Platform modules already initialized, skipping
Refreshing native plugins compatible for Editor in 4.14 ms, found 3 plugins.
Preloading 0 native plugins for Editor in 0.00 ms.
Unloading 3736 Unused Serialized files (Serialized files now loaded: 0)
Unloading 21 unused Assets / (80.6 KB). Loaded Objects now: 4237.
Memory consumption went from 149.3 MB to 149.2 MB.
Total: 6.466000 ms (FindLiveObjects: 0.922739 ms CreateObjectMapping: 1.285122 ms MarkObjects: 4.098850 ms  DeleteObjects: 0.157014 ms)

AssetImportParameters requested are different than current active one (requested -> active):
  custom:video-decoder-ogg-theora: a1e56fd34408186e4bbccfd4996cb3dc -> 
  custom:container-muxer-webm: aa71ff27fc2769a1b78a27578f13a17b -> 
  custom:container-demuxer-webm: 4f35f7cbe854078d1ac9338744f61a02 -> 
  custom:video-encoder-webm-vp8: eb34c28f22e8b96e1ab97ce403110664 -> 
  custom:audio-encoder-webm-vorbis: bf7c407c2cedff20999df2af8eb42d56 -> 
  custom:framework-win-MediaFoundation: 216162199b28c13a410421893ffa2e32 -> 
  custom:container-demuxer-ogg: 62fdf1f143b41e24485cea50d1cbac27 -> 
  custom:video-decoder-webm-vp8: 9c59270c3fd7afecdb556c50c9e8de78 -> 
  custom:audio-decoder-ogg-vorbis: bf7c407c2cedff20999df2af8eb42d56 -> 
========================================================================
Received Prepare
Registering precompiled user dll's ...
Registered in 0.005230 seconds.
Begin MonoManager ReloadAssembly
Symbol file LoadedFromMemory doesn't match image D:\khach\Subjects\Graphics\DOAN\Library\PackageCache\com.unity.visualscripting@1.7.8\Editor\VisualScripting.Core\Dependencies\YamlDotNet\Unity.VisualScripting.YamlDotNet.dll
Symbol file LoadedFromMemory doesn't match image D:\khach\Subjects\Graphics\DOAN\Library\PackageCache\com.unity.visualscripting@1.7.8\Editor\VisualScripting.Core\Dependencies\DotNetZip\Unity.VisualScripting.IonicZip.dll
Native extension for WindowsStandalone target not found
Native extension for WebGL target not found
Refreshing native plugins compatible for Editor in 1.44 ms, found 3 plugins.
Preloading 0 native plugins for Editor in 0.00 ms.
Mono: successfully reloaded assembly
- Completed reload, in  1.956 seconds
Domain Reload Profiling:
	ReloadAssembly (1957ms)
		BeginReloadAssembly (190ms)
			ExecutionOrderSort (0ms)
			DisableScriptedObjects (8ms)
			BackupInstance (0ms)
			ReleaseScriptingObjects (0ms)
			CreateAndSetChildDomain (49ms)
		EndReloadAssembly (1617ms)
			LoadAssemblies (123ms)
			RebuildTransferFunctionScriptingTraits (0ms)
			SetupTypeCache (457ms)
			ReleaseScriptCaches (2ms)
			RebuildScriptCaches (83ms)
			SetupLoadedEditorAssemblies (836ms)
				LogAssemblyErrors (0ms)
				InitializePlatformSupportModulesInManaged (28ms)
				SetLoadedEditorAssemblies (1ms)
				RefreshPlugins (2ms)
				BeforeProcessingInitializeOnLoad (134ms)
				ProcessInitializeOnLoadAttributes (602ms)
				ProcessInitializeOnLoadMethodAttributes (55ms)
				AfterProcessingInitializeOnLoad (14ms)
				EditorAssembliesLoaded (0ms)
			ExecutionOrderSort2 (0ms)
			AwakeInstancesAfterBackupRestoration (16ms)
Platform modules already initialized, skipping
Refreshing native plugins compatible for Editor in 3.93 ms, found 3 plugins.
Preloading 0 native plugins for Editor in 0.00 ms.
Unloading 3736 Unused Serialized files (Serialized files now loaded: 0)
Unloading 21 unused Assets / (80.6 KB). Loaded Objects now: 4240.
Memory consumption went from 149.3 MB to 149.2 MB.
Total: 6.369858 ms (FindLiveObjects: 0.689494 ms CreateObjectMapping: 1.086010 ms MarkObjects: 4.418566 ms  DeleteObjects: 0.172942 ms)

AssetImportParameters requested are different than current active one (requested -> active):
  custom:video-decoder-ogg-theora: a1e56fd34408186e4bbccfd4996cb3dc -> 
  custom:container-muxer-webm: aa71ff27fc2769a1b78a27578f13a17b -> 
  custom:container-demuxer-webm: 4f35f7cbe854078d1ac9338744f61a02 -> 
  custom:video-encoder-webm-vp8: eb34c28f22e8b96e1ab97ce403110664 -> 
  custom:audio-encoder-webm-vorbis: bf7c407c2cedff20999df2af8eb42d56 -> 
  custom:framework-win-MediaFoundation: 216162199b28c13a410421893ffa2e32 -> 
  custom:container-demuxer-ogg: 62fdf1f143b41e24485cea50d1cbac27 -> 
  custom:video-decoder-webm-vp8: 9c59270c3fd7afecdb556c50c9e8de78 -> 
  custom:audio-decoder-ogg-vorbis: bf7c407c2cedff20999df2af8eb42d56 -> 
========================================================================
Received Import Request.
  Time since last request: 619.704903 seconds.
  path: Assets/Barrier Pack/Prefabs/big_cone.prefab
  artifactKey: Guid(1cc2ed13481fc3446ac381dd171654b2) Importer(815301076,1909f56bfc062723c751e8b465ee728b)
Start importing Assets/Barrier Pack/Prefabs/big_cone.prefab using Guid(1cc2ed13481fc3446ac381dd171654b2) Importer(815301076,1909f56bfc062723c751e8b465ee728b)  -> (artifact id: '51955793581609b8f32ab584868c8b6b') in 0.564579 seconds 
========================================================================
Received Import Request.
  Time since last request: 0.000027 seconds.
  path: Assets/Barrier Pack/Prefabs/cone_orange.prefab
  artifactKey: Guid(56ae742cef70a134b819fe5b677450d0) Importer(815301076,1909f56bfc062723c751e8b465ee728b)
Start importing Assets/Barrier Pack/Prefabs/cone_orange.prefab using Guid(56ae742cef70a134b819fe5b677450d0) Importer(815301076,1909f56bfc062723c751e8b465ee728b)  -> (artifact id: 'b7ec61cb94b9b3c156c4340a162cb4b9') in 0.044515 seconds 
========================================================================
Received Import Request.
  Time since last request: 0.000035 seconds.
  path: Assets/Barrier Pack/Prefabs/wall_barrier.prefab
  artifactKey: Guid(fb934be14696278408574211c4a828bf) Importer(815301076,1909f56bfc062723c751e8b465ee728b)
Start importing Assets/Barrier Pack/Prefabs/wall_barrier.prefab using Guid(fb934be14696278408574211c4a828bf) Importer(815301076,1909f56bfc062723c751e8b465ee728b)  -> (artifact id: '8d5a1e26b0eaec3ff0faa13bf08265ac') in 0.033134 seconds 
========================================================================
Received Import Request.
  Time since last request: 0.000031 seconds.
  path: Assets/Barrier Pack/Prefabs/crash_barrier_turn_two.prefab
  artifactKey: Guid(dd203fb8553110b4eaa7c231259b8660) Importer(815301076,1909f56bfc062723c751e8b465ee728b)
Start importing Assets/Barrier Pack/Prefabs/crash_barrier_turn_two.prefab using Guid(dd203fb8553110b4eaa7c231259b8660) Importer(815301076,1909f56bfc062723c751e8b465ee728b)  -> (artifact id: 'ce653206035eaf4dee91e085a4f61f88') in 0.073677 seconds 
========================================================================
Received Import Request.
  Time since last request: 0.000039 seconds.
  path: Assets/Barrier Pack/Prefabs/crash_barrier_cap_one.prefab
  artifactKey: Guid(47c41f41ac39a074c9af5b0155530cd9) Importer(815301076,1909f56bfc062723c751e8b465ee728b)
Start importing Assets/Barrier Pack/Prefabs/crash_barrier_cap_one.prefab using Guid(47c41f41ac39a074c9af5b0155530cd9) Importer(815301076,1909f56bfc062723c751e8b465ee728b)  -> (artifact id: '51d1a188e059d15a7a6778db0a2244d4') in 0.026868 seconds 
========================================================================
Received Import Request.
  Time since last request: 0.000024 seconds.
  path: Assets/Barrier Pack/Prefabs/pyramid_barrier.prefab
  artifactKey: Guid(f803fe526d65cae43ae20517514374c0) Importer(815301076,1909f56bfc062723c751e8b465ee728b)
Start importing Assets/Barrier Pack/Prefabs/pyramid_barrier.prefab using Guid(f803fe526d65cae43ae20517514374c0) Importer(815301076,1909f56bfc062723c751e8b465ee728b)  -> (artifact id: '8812480166c68731f712b48becedb50e') in 0.027735 seconds 
========================================================================
Received Import Request.
  Time since last request: 0.000024 seconds.
  path: Assets/Barrier Pack/Prefabs/painted_short_barier.prefab
  artifactKey: Guid(8a553ddeee5519c42beedf0a1b69da88) Importer(815301076,1909f56bfc062723c751e8b465ee728b)
Start importing Assets/Barrier Pack/Prefabs/painted_short_barier.prefab using Guid(8a553ddeee5519c42beedf0a1b69da88) Importer(815301076,1909f56bfc062723c751e8b465ee728b)  -> (artifact id: 'fe71f7b60ebf3af7482fa12aceb44cee') in 0.029492 seconds 
========================================================================
Received Import Request.
  Time since last request: 0.000046 seconds.
  path: Assets/Barrier Pack/Prefabs/crash_barrier_turn_one.prefab
  artifactKey: Guid(347cc843bf8f9c74f9bf2401fb207832) Importer(815301076,1909f56bfc062723c751e8b465ee728b)
Start importing Assets/Barrier Pack/Prefabs/crash_barrier_turn_one.prefab using Guid(347cc843bf8f9c74f9bf2401fb207832) Importer(815301076,1909f56bfc062723c751e8b465ee728b)  -> (artifact id: 'cf2069907427a85ff1c0a50480a28bcf') in 0.049375 seconds 
========================================================================
Received Import Request.
  Time since last request: 0.000038 seconds.
  path: Assets/Barrier Pack/Prefabs/stick.prefab
  artifactKey: Guid(d91011873a48699488e1c1b9b86925e5) Importer(815301076,1909f56bfc062723c751e8b465ee728b)
Start importing Assets/Barrier Pack/Prefabs/stick.prefab using Guid(d91011873a48699488e1c1b9b86925e5) Importer(815301076,1909f56bfc062723c751e8b465ee728b)  -> (artifact id: 'f9bb9ad3f8e3cf4bad162c62f6bd8359') in 0.038936 seconds 
========================================================================
Received Import Request.
  Time since last request: 0.000031 seconds.
  path: Assets/Barrier Pack/Prefabs/big_cone_orange.prefab
  artifactKey: Guid(fbc74bc83918fc94182a214fc2db1395) Importer(815301076,1909f56bfc062723c751e8b465ee728b)
Start importing Assets/Barrier Pack/Prefabs/big_cone_orange.prefab using Guid(fbc74bc83918fc94182a214fc2db1395) Importer(815301076,1909f56bfc062723c751e8b465ee728b)  -> (artifact id: '19481068817869d8826faf3ea3d6f3a4') in 0.577228 seconds 
========================================================================
Received Import Request.
  Time since last request: 0.000030 seconds.
  path: Assets/Barrier Pack/Prefabs/cone.prefab
  artifactKey: Guid(4adbbae4831a7774ea0645c19218c458) Importer(815301076,1909f56bfc062723c751e8b465ee728b)
Start importing Assets/Barrier Pack/Prefabs/cone.prefab using Guid(4adbbae4831a7774ea0645c19218c458) Importer(815301076,1909f56bfc062723c751e8b465ee728b)  -> (artifact id: '6348c9efdb06509aed5532be54f3222c') in 0.033418 seconds 
========================================================================
Received Import Request.
  Time since last request: 0.000041 seconds.
  path: Assets/Barrier Pack/Prefabs/signed_short_barrier.prefab
  artifactKey: Guid(73d18ed494f69ad41b44fe6d2c7c54d4) Importer(815301076,1909f56bfc062723c751e8b465ee728b)
Start importing Assets/Barrier Pack/Prefabs/signed_short_barrier.prefab using Guid(73d18ed494f69ad41b44fe6d2c7c54d4) Importer(815301076,1909f56bfc062723c751e8b465ee728b)  -> (artifact id: '18b578ff695e06e578434d6a6484ac12') in 0.051442 seconds 
========================================================================
Received Import Request.
  Time since last request: 0.000102 seconds.
  path: Assets/Barrier Pack/Prefabs/warning_sign.prefab
  artifactKey: Guid(a2bef607e5bbd014d8d69755562c0d35) Importer(815301076,1909f56bfc062723c751e8b465ee728b)
Start importing Assets/Barrier Pack/Prefabs/warning_sign.prefab using Guid(a2bef607e5bbd014d8d69755562c0d35) Importer(815301076,1909f56bfc062723c751e8b465ee728b)  -> (artifact id: '37e863d753aa7c7486cae2ebecb7f36c') in 0.039249 seconds 
========================================================================
Received Prepare
Registering precompiled user dll's ...
Registered in 0.005494 seconds.
Begin MonoManager ReloadAssembly
Symbol file LoadedFromMemory doesn't match image D:\khach\Subjects\Graphics\DOAN\Library\PackageCache\com.unity.visualscripting@1.7.8\Editor\VisualScripting.Core\Dependencies\YamlDotNet\Unity.VisualScripting.YamlDotNet.dll
Symbol file LoadedFromMemory doesn't match image D:\khach\Subjects\Graphics\DOAN\Library\PackageCache\com.unity.visualscripting@1.7.8\Editor\VisualScripting.Core\Dependencies\DotNetZip\Unity.VisualScripting.IonicZip.dll
Native extension for WindowsStandalone target not found
Native extension for WebGL target not found
Refreshing native plugins compatible for Editor in 1.20 ms, found 3 plugins.
Preloading 0 native plugins for Editor in 0.00 ms.
Mono: successfully reloaded assembly
- Completed reload, in  2.226 seconds
Domain Reload Profiling:
	ReloadAssembly (2227ms)
		BeginReloadAssembly (211ms)
			ExecutionOrderSort (0ms)
			DisableScriptedObjects (15ms)
			BackupInstance (0ms)
			ReleaseScriptingObjects (0ms)
			CreateAndSetChildDomain (52ms)
		EndReloadAssembly (1861ms)
			LoadAssemblies (114ms)
			RebuildTransferFunctionScriptingTraits (0ms)
			SetupTypeCache (601ms)
			ReleaseScriptCaches (3ms)
			RebuildScriptCaches (97ms)
			SetupLoadedEditorAssemblies (901ms)
				LogAssemblyErrors (0ms)
				InitializePlatformSupportModulesInManaged (28ms)
				SetLoadedEditorAssemblies (1ms)
				RefreshPlugins (1ms)
				BeforeProcessingInitializeOnLoad (154ms)
				ProcessInitializeOnLoadAttributes (636ms)
				ProcessInitializeOnLoadMethodAttributes (66ms)
				AfterProcessingInitializeOnLoad (15ms)
				EditorAssembliesLoaded (0ms)
			ExecutionOrderSort2 (0ms)
			AwakeInstancesAfterBackupRestoration (16ms)
Platform modules already initialized, skipping
Refreshing native plugins compatible for Editor in 2.56 ms, found 3 plugins.
Preloading 0 native plugins for Editor in 0.00 ms.
Unloading 3736 Unused Serialized files (Serialized files now loaded: 0)
Unloading 21 unused Assets / (80.6 KB). Loaded Objects now: 4243.
Memory consumption went from 149.7 MB to 149.7 MB.
Total: 5.874355 ms (FindLiveObjects: 0.466490 ms CreateObjectMapping: 0.583112 ms MarkObjects: 4.673429 ms  DeleteObjects: 0.149049 ms)

AssetImportParameters requested are different than current active one (requested -> active):
  custom:video-decoder-ogg-theora: a1e56fd34408186e4bbccfd4996cb3dc -> 
  custom:container-muxer-webm: aa71ff27fc2769a1b78a27578f13a17b -> 
  custom:container-demuxer-webm: 4f35f7cbe854078d1ac9338744f61a02 -> 
  custom:video-encoder-webm-vp8: eb34c28f22e8b96e1ab97ce403110664 -> 
  custom:audio-encoder-webm-vorbis: bf7c407c2cedff20999df2af8eb42d56 -> 
  custom:framework-win-MediaFoundation: 216162199b28c13a410421893ffa2e32 -> 
  custom:container-demuxer-ogg: 62fdf1f143b41e24485cea50d1cbac27 -> 
  custom:video-decoder-webm-vp8: 9c59270c3fd7afecdb556c50c9e8de78 -> 
  custom:audio-decoder-ogg-vorbis: bf7c407c2cedff20999df2af8eb42d56 -> 
========================================================================
Received Import Request.
  Time since last request: 2026.559180 seconds.
  path: Assets/Barrier Pack/Prefabs/fenced_barrier.prefab
  artifactKey: Guid(b8c83c417104d75459226dd80248bfe2) Importer(815301076,1909f56bfc062723c751e8b465ee728b)
Start importing Assets/Barrier Pack/Prefabs/fenced_barrier.prefab using Guid(b8c83c417104d75459226dd80248bfe2) Importer(815301076,1909f56bfc062723c751e8b465ee728b)  -> (artifact id: 'a153965a206164b6aed4768f99a51202') in 1.080613 seconds 
========================================================================
Received Prepare
Registering precompiled user dll's ...
Registered in 0.005254 seconds.
Begin MonoManager ReloadAssembly
Symbol file LoadedFromMemory doesn't match image D:\khach\Subjects\Graphics\DOAN\Library\PackageCache\com.unity.visualscripting@1.7.8\Editor\VisualScripting.Core\Dependencies\YamlDotNet\Unity.VisualScripting.YamlDotNet.dll
Symbol file LoadedFromMemory doesn't match image D:\khach\Subjects\Graphics\DOAN\Library\PackageCache\com.unity.visualscripting@1.7.8\Editor\VisualScripting.Core\Dependencies\DotNetZip\Unity.VisualScripting.IonicZip.dll
Native extension for WindowsStandalone target not found
Native extension for WebGL target not found
Refreshing native plugins compatible for Editor in 0.92 ms, found 3 plugins.
Preloading 0 native plugins for Editor in 0.00 ms.
Mono: successfully reloaded assembly
- Completed reload, in  2.071 seconds
Domain Reload Profiling:
	ReloadAssembly (2072ms)
		BeginReloadAssembly (205ms)
			ExecutionOrderSort (0ms)
			DisableScriptedObjects (7ms)
			BackupInstance (0ms)
			ReleaseScriptingObjects (0ms)
			CreateAndSetChildDomain (58ms)
		EndReloadAssembly (1727ms)
			LoadAssemblies (122ms)
			RebuildTransferFunctionScriptingTraits (0ms)
			SetupTypeCache (548ms)
			ReleaseScriptCaches (2ms)
			RebuildScriptCaches (94ms)
			SetupLoadedEditorAssemblies (821ms)
				LogAssemblyErrors (0ms)
				InitializePlatformSupportModulesInManaged (28ms)
				SetLoadedEditorAssemblies (1ms)
				RefreshPlugins (1ms)
				BeforeProcessingInitializeOnLoad (141ms)
				ProcessInitializeOnLoadAttributes (567ms)
				ProcessInitializeOnLoadMethodAttributes (65ms)
				AfterProcessingInitializeOnLoad (16ms)
				EditorAssembliesLoaded (1ms)
			ExecutionOrderSort2 (0ms)
			AwakeInstancesAfterBackupRestoration (18ms)
Platform modules already initialized, skipping
Refreshing native plugins compatible for Editor in 4.87 ms, found 3 plugins.
Preloading 0 native plugins for Editor in 0.00 ms.
Unloading 3736 Unused Serialized files (Serialized files now loaded: 0)
Unloading 21 unused Assets / (80.7 KB). Loaded Objects now: 4246.
Memory consumption went from 149.8 MB to 149.7 MB.
Total: 5.442568 ms (FindLiveObjects: 0.620659 ms CreateObjectMapping: 0.428374 ms MarkObjects: 4.243917 ms  DeleteObjects: 0.145636 ms)

AssetImportParameters requested are different than current active one (requested -> active):
  custom:video-decoder-ogg-theora: a1e56fd34408186e4bbccfd4996cb3dc -> 
  custom:container-muxer-webm: aa71ff27fc2769a1b78a27578f13a17b -> 
  custom:container-demuxer-webm: 4f35f7cbe854078d1ac9338744f61a02 -> 
  custom:video-encoder-webm-vp8: eb34c28f22e8b96e1ab97ce403110664 -> 
  custom:audio-encoder-webm-vorbis: bf7c407c2cedff20999df2af8eb42d56 -> 
  custom:framework-win-MediaFoundation: 216162199b28c13a410421893ffa2e32 -> 
  custom:container-demuxer-ogg: 62fdf1f143b41e24485cea50d1cbac27 -> 
  custom:video-decoder-webm-vp8: 9c59270c3fd7afecdb556c50c9e8de78 -> 
  custom:audio-decoder-ogg-vorbis: bf7c407c2cedff20999df2af8eb42d56 -> 
